[    0.000000] Linux version 4.15.0-212-generic (buildd@lcy02-amd64-083) (gcc version 7.5.0 (Ubuntu 7.5.0-3ubuntu1~18.04)) #223-Ubuntu SMP Tue May 23 13:09:22 UTC 2023 (Ubuntu 4.15.0-212.223-generic 4.15.18)
[    0.000000] Command line: BOOT_IMAGE=/boot/vmlinuz-4.15.0-212-generic root=LABEL=cloudimg-rootfs ro console=tty1 console=ttyS0
[    0.000000] KERNEL supported cpus:
[    0.000000]   Intel GenuineIntel
[    0.000000]   AMD AuthenticAMD
[    0.000000]   Centaur CentaurHauls
[    0.000000] x86/fpu: Supporting XSAVE feature 0x001: 'x87 floating point registers'
[    0.000000] x86/fpu: Supporting XSAVE feature 0x002: 'SSE registers'
[    0.000000] x86/fpu: Supporting XSAVE feature 0x004: 'AVX registers'
[    0.000000] x86/fpu: xstate_offset[2]:  576, xstate_sizes[2]:  256
[    0.000000] x86/fpu: Enabled xstate features 0x7, context size is 832 bytes, using 'standard' format.
[    0.000000] e820: BIOS-provided physical RAM map:
[    0.000000] BIOS-e820: [mem 0x0000000000000000-0x000000000009fbff] usable
[    0.000000] BIOS-e820: [mem 0x000000000009fc00-0x000000000009ffff] reserved
[    0.000000] BIOS-e820: [mem 0x00000000000f0000-0x00000000000fffff] reserved
[    0.000000] BIOS-e820: [mem 0x0000000000100000-0x000000003ffeffff] usable
[    0.000000] BIOS-e820: [mem 0x000000003fff0000-0x000000003fffffff] ACPI data
[    0.000000] BIOS-e820: [mem 0x00000000fec00000-0x00000000fec00fff] reserved
[    0.000000] BIOS-e820: [mem 0x00000000fee00000-0x00000000fee00fff] reserved
[    0.000000] BIOS-e820: [mem 0x00000000fffc0000-0x00000000ffffffff] reserved
[    0.000000] NX (Execute Disable) protection: active
[    0.000000] SMBIOS 2.5 present.
[    0.000000] DMI: innotek GmbH VirtualBox/VirtualBox, BIOS VirtualBox 12/01/2006
[    0.000000] Hypervisor detected: KVM
[    0.000000] e820: last_pfn = 0x3fff0 max_arch_pfn = 0x400000000
[    0.000000] MTRR: Disabled
[    0.000000] x86/PAT: MTRRs disabled, skipping PAT initialization too.
[    0.000000] CPU MTRRs all blank - virtualized system.
[    0.000000] x86/PAT: Configuration [0-7]: WB  WT  UC- UC  WB  WT  UC- UC  
[    0.000000] found SMP MP-table at [mem 0x0009fff0-0x0009ffff]
[    0.000000] Scanning 1 areas for low memory corruption
[    0.000000] RAMDISK: [mem 0x359cb000-0x36cdcfff]
[    0.000000] ACPI: Early table checksum verification disabled
[    0.000000] ACPI: RSDP 0x00000000000E0000 000024 (v02 VBOX  )
[    0.000000] ACPI: XSDT 0x000000003FFF0030 00003C (v01 VBOX   VBOXXSDT 00000001 ASL  00000061)
[    0.000000] ACPI: FACP 0x000000003FFF00F0 0000F4 (v04 VBOX   VBOXFACP 00000001 ASL  00000061)
[    0.000000] ACPI: DSDT 0x000000003FFF0610 002353 (v02 VBOX   VBOXBIOS 00000002 INTL 20230628)
[    0.000000] ACPI: FACS 0x000000003FFF0200 000040
[    0.000000] ACPI: FACS 0x000000003FFF0200 000040
[    0.000000] ACPI: APIC 0x000000003FFF0240 00005C (v02 VBOX   VBOXAPIC 00000001 ASL  00000061)
[    0.000000] ACPI: SSDT 0x000000003FFF02A0 00036C (v01 VBOX   VBOXCPUT 00000002 INTL 20230628)
[    0.000000] ACPI: Reserving FACP table memory at [mem 0x3fff00f0-0x3fff01e3]
[    0.000000] ACPI: Reserving DSDT table memory at [mem 0x3fff0610-0x3fff2962]
[    0.000000] ACPI: Reserving FACS table memory at [mem 0x3fff0200-0x3fff023f]
[    0.000000] ACPI: Reserving FACS table memory at [mem 0x3fff0200-0x3fff023f]
[    0.000000] ACPI: Reserving APIC table memory at [mem 0x3fff0240-0x3fff029b]
[    0.000000] ACPI: Reserving SSDT table memory at [mem 0x3fff02a0-0x3fff060b]
[    0.000000] No NUMA configuration found
[    0.000000] Faking a node at [mem 0x0000000000000000-0x000000003ffeffff]
[    0.000000] NODE_DATA(0) allocated [mem 0x3ffc5000-0x3ffeffff]
[    0.000000] kvm-clock: cpu 0, msr 0:3ff44001, primary cpu clock
[    0.000000] kvm-clock: Using msrs 4b564d01 and 4b564d00
[    0.000000] kvm-clock: using sched offset of 3493950656 cycles
[    0.000000] clocksource: kvm-clock: mask: 0xffffffffffffffff max_cycles: 0x1cd42e4dffb, max_idle_ns: 881590591483 ns
[    0.000000] Zone ranges:
[    0.000000]   DMA      [mem 0x0000000000001000-0x0000000000ffffff]
[    0.000000]   DMA32    [mem 0x0000000001000000-0x000000003ffeffff]
[    0.000000]   Normal   empty
[    0.000000]   Device   empty
[    0.000000] Movable zone start for each node
[    0.000000] Early memory node ranges
[    0.000000]   node   0: [mem 0x0000000000001000-0x000000000009efff]
[    0.000000]   node   0: [mem 0x0000000000100000-0x000000003ffeffff]
[    0.000000] Reserved but unavailable: 104 pages
[    0.000000] Initmem setup node 0 [mem 0x0000000000001000-0x000000003ffeffff]
[    0.000000] ACPI: PM-Timer IO Port: 0x4008
[    0.000000] IOAPIC[0]: apic_id 2, version 32, address 0xfec00000, GSI 0-23
[    0.000000] ACPI: INT_SRC_OVR (bus 0 bus_irq 0 global_irq 2 dfl dfl)
[    0.000000] ACPI: INT_SRC_OVR (bus 0 bus_irq 9 global_irq 9 low level)
[    0.000000] Using ACPI (MADT) for SMP configuration information
[    0.000000] smpboot: Allowing 2 CPUs, 0 hotplug CPUs
[    0.000000] PM: Registered nosave memory: [mem 0x00000000-0x00000fff]
[    0.000000] PM: Registered nosave memory: [mem 0x0009f000-0x0009ffff]
[    0.000000] PM: Registered nosave memory: [mem 0x000a0000-0x000effff]
[    0.000000] PM: Registered nosave memory: [mem 0x000f0000-0x000fffff]
[    0.000000] e820: [mem 0x40000000-0xfebfffff] available for PCI devices
[    0.000000] Booting paravirtualized kernel on KVM
[    0.000000] clocksource: refined-jiffies: mask: 0xffffffff max_cycles: 0xffffffff, max_idle_ns: 7645519600211568 ns
[    0.000000] setup_percpu: NR_CPUS:8192 nr_cpumask_bits:2 nr_cpu_ids:2 nr_node_ids:1
[    0.000000] percpu: Embedded 50 pages/cpu s167936 r8192 d28672 u1048576
[    0.000000] PV qspinlock hash table entries: 256 (order: 0, 4096 bytes)
[    0.000000] Built 1 zonelists, mobility grouping on.  Total pages: 257913
[    0.000000] Policy zone: DMA32
[    0.000000] Kernel command line: BOOT_IMAGE=/boot/vmlinuz-4.15.0-212-generic root=LABEL=cloudimg-rootfs ro console=tty1 console=ttyS0
[    0.000000] Memory: 982644K/1048120K available (12300K kernel code, 2477K rwdata, 4324K rodata, 2480K init, 2720K bss, 65476K reserved, 0K cma-reserved)
[    0.000000] SLUB: HWalign=64, Order=0-3, MinObjects=0, CPUs=2, Nodes=1
[    0.000000] Kernel/User page tables isolation: enabled
[    0.000000] ftrace: allocating 39508 entries in 155 pages
[    0.004000] Hierarchical RCU implementation.
[    0.004000] 	RCU restricting CPUs from NR_CPUS=8192 to nr_cpu_ids=2.
[    0.004000] 	Tasks RCU enabled.
[    0.004000] RCU: Adjusting geometry for rcu_fanout_leaf=16, nr_cpu_ids=2
[    0.004000] NR_IRQS: 524544, nr_irqs: 440, preallocated irqs: 16
[    0.004000] random: crng init done
[    0.004000] Console: colour VGA+ 80x25
[    0.004000] console [tty1] enabled
[    0.004000] console [ttyS0] enabled
[    0.004000] ACPI: Core revision 20170831
[    0.004000] ACPI: 2 ACPI AML tables successfully acquired and loaded
[    0.004000] APIC: Switch to symmetric I/O mode setup
[    0.004000] x2apic enabled
[    0.004000] Switched APIC routing to physical x2apic.
[    0.004000] ..TIMER: vector=0x30 apic1=0 pin1=2 apic2=-1 pin2=-1
[    0.004000] tsc: Detected 2893.432 MHz processor
[    0.004000] Calibrating delay loop (skipped) preset value.. 5786.86 BogoMIPS (lpj=11573728)
[    0.004000] pid_max: default: 32768 minimum: 301
[    0.004000] Security Framework initialized
[    0.004000] Yama: becoming mindful.
[    0.004000] AppArmor: AppArmor initialized
[    0.004000] Dentry cache hash table entries: 131072 (order: 8, 1048576 bytes)
[    0.004000] Inode-cache hash table entries: 65536 (order: 7, 524288 bytes)
[    0.004000] Mount-cache hash table entries: 2048 (order: 2, 16384 bytes)
[    0.004000] Mountpoint-cache hash table entries: 2048 (order: 2, 16384 bytes)
[    0.004000] Last level iTLB entries: 4KB 512, 2MB 8, 4MB 8
[    0.004000] Last level dTLB entries: 4KB 512, 2MB 32, 4MB 32, 1GB 0
[    0.004000] Spectre V1 : Mitigation: usercopy/swapgs barriers and __user pointer sanitization
[    0.004000] Spectre V2 : Mitigation: Retpolines
[    0.004000] Spectre V2 : Spectre v2 / SpectreRSB mitigation: Filling RSB on context switch
[    0.004000] Spectre V2 : Spectre v2 / SpectreRSB : Filling RSB on VMEXIT
[    0.004000] Speculative Store Bypass: Vulnerable
[    0.004000] MDS: Mitigation: Clear CPU buffers
[    0.004000] MMIO Stale Data: Unknown: No mitigations
[    0.004000] SRBDS: Unknown: Dependent on hypervisor status
[    0.004000] Freeing SMP alternatives memory: 36K
[    0.120050] APIC calibration not consistent with PM-Timer: 108ms instead of 100ms
[    0.121500] APIC delta adjusted to PM-Timer: 6712528 (7253763)
[    0.122688] smpboot: CPU0: Intel(R) Core(TM) i7-3520M CPU @ 2.90GHz (family: 0x6, model: 0x3a, stepping: 0x9)
[    0.124000] Performance Events: unsupported p6 CPU model 58 no PMU driver, software events only.
[    0.124000] Hierarchical SRCU implementation.
[    0.124525] NMI watchdog: Perf event create on CPU 0 failed with -2
[    0.125743] NMI watchdog: Perf NMI watchdog permanently disabled
[    0.126823] smp: Bringing up secondary CPUs ...
[    0.127815] x86: Booting SMP configuration:
[    0.128003] .... node  #0, CPUs:      #1
[    0.004000] kvm-clock: cpu 1, msr 0:3ff44041, secondary cpu clock
[    0.132025] smp: Brought up 1 node, 2 CPUs
[    0.132859] smpboot: Max logical packages: 1
[    0.133739] smpboot: Total of 2 processors activated (11573.72 BogoMIPS)
[    0.135084] devtmpfs: initialized
[    0.136062] x86/mm: Memory block size: 128MB
[    0.137033] evm: security.selinux
[    0.137644] evm: security.SMACK64
[    0.138274] evm: security.SMACK64EXEC
[    0.138962] evm: security.SMACK64TRANSMUTE
[    0.139746] evm: security.SMACK64MMAP
[    0.140003] evm: security.apparmor
[    0.140677] evm: security.ima
[    0.141225] evm: security.capability
[    0.141973] clocksource: jiffies: mask: 0xffffffff max_cycles: 0xffffffff, max_idle_ns: 7645041785100000 ns
[    0.144011] futex hash table entries: 512 (order: 3, 32768 bytes)
[    0.145188] pinctrl core: initialized pinctrl subsystem
[    0.147880] RTC time:  7:14:59, date: 01/17/26
[    0.148239] NET: Registered protocol family 16
[    0.149234] audit: initializing netlink subsys (disabled)
[    0.150264] audit: type=2000 audit(1768634104.494:1): state=initialized audit_enabled=0 res=1
[    0.152021] cpuidle: using governor ladder
[    0.152911] cpuidle: using governor menu
[    0.153720] ACPI: bus type PCI registered
[    0.156004] acpiphp: ACPI Hot Plug PCI Controller Driver version: 0.5
[    0.157396] PCI: Using configuration type 1 for base access
[    0.158425] HugeTLB registered 2.00 MiB page size, pre-allocated 0 pages
[    0.160088] ACPI: Added _OSI(Module Device)
[    0.160911] ACPI: Added _OSI(Processor Device)
[    0.161753] ACPI: Added _OSI(3.0 _SCP Extensions)
[    0.162668] ACPI: Added _OSI(Processor Aggregator Device)
[    0.164012] ACPI: Added _OSI(Linux-Dell-Video)
[    0.164847] ACPI: Added _OSI(Linux-Lenovo-NV-HDMI-Audio)
[    0.165769] ACPI: Added _OSI(Linux-HPI-Hybrid-Graphics)
[    0.167265] ACPI: Executed 1 blocks of module-level executable AML code
[    0.171170] ACPI: Interpreter enabled
[    0.172015] ACPI: (supports S0 S5)
[    0.172727] ACPI: Using IOAPIC for interrupt routing
[    0.173835] PCI: Using host bridge windows from ACPI; if necessary, use "pci=nocrs" and report a bug
[    0.176171] ACPI: Enabled 2 GPEs in block 00 to 07
[    0.182714] ACPI: PCI Root Bridge [PCI0] (domain 0000 [bus 00-ff])
[    0.183876] acpi PNP0A03:00: _OSC: OS supports [ASPM ClockPM Segments MSI]
[    0.184491] acpi PNP0A03:00: _OSC: not requesting OS control; OS requires [ExtendedConfig ASPM ClockPM MSI]
[    0.186246] acpi PNP0A03:00: fail to add MMCONFIG information, can't access extended PCI configuration space under this bridge.
[    0.188379] PCI host bridge to bus 0000:00
[    0.190018] pci_bus 0000:00: root bus resource [io  0x0000-0x0cf7 window]
[    0.192004] pci_bus 0000:00: root bus resource [io  0x0d00-0xffff window]
[    0.193578] pci_bus 0000:00: root bus resource [mem 0x000a0000-0x000bffff window]
[    0.195376] pci_bus 0000:00: root bus resource [mem 0x40000000-0xfdffffff window]
[    0.196004] pci_bus 0000:00: root bus resource [bus 00-ff]
[    0.198899] pci 0000:00:01.1: legacy IDE quirk: reg 0x10: [io  0x01f0-0x01f7]
[    0.200004] pci 0000:00:01.1: legacy IDE quirk: reg 0x14: [io  0x03f6]
[    0.201495] pci 0000:00:01.1: legacy IDE quirk: reg 0x18: [io  0x0170-0x0177]
[    0.204003] pci 0000:00:01.1: legacy IDE quirk: reg 0x1c: [io  0x0376]
[    0.225533] pci 0000:00:07.0: quirk: [io  0x4000-0x403f] claimed by PIIX4 ACPI
[    0.227297] pci 0000:00:07.0: quirk: [io  0x4100-0x410f] claimed by PIIX4 SMB
[    0.241837] ACPI: PCI Interrupt Link [LNKA] (IRQs 5 9 10 *11)
[    0.243665] ACPI: PCI Interrupt Link [LNKB] (IRQs 5 9 *10 11)
[    0.244155] ACPI: PCI Interrupt Link [LNKC] (IRQs 5 *9 10 11)
[    0.245428] ACPI: PCI Interrupt Link [LNKD] (IRQs 5 9 10 *11)
[    0.246924] SCSI subsystem initialized
[    0.248067] pci 0000:00:02.0: vgaarb: setting as boot VGA device
[    0.249190] pci 0000:00:02.0: vgaarb: VGA device added: decodes=io+mem,owns=io+mem,locks=none
[    0.250867] pci 0000:00:02.0: vgaarb: bridge control possible
[    0.252004] vgaarb: loaded
[    0.252683] ACPI: bus type USB registered
[    0.253457] usbcore: registered new interface driver usbfs
[    0.254494] usbcore: registered new interface driver hub
[    0.255453] usbcore: registered new device driver usb
[    0.256057] EDAC MC: Ver: 3.0.0
[    0.256903] PCI: Using ACPI for IRQ routing
[    0.257189] NetLabel: Initializing
[    0.257881] NetLabel:  domain hash size = 128
[    0.258732] NetLabel:  protocols = UNLABELED CIPSOv4 CALIPSO
[    0.260018] NetLabel:  unlabeled traffic allowed by default
[    0.261038] clocksource: Switched to clocksource kvm-clock
[    0.268186] VFS: Disk quotas dquot_6.6.0
[    0.268186] VFS: Dquot-cache hash table entries: 512 (order 0, 4096 bytes)
[    0.278036] AppArmor: AppArmor Filesystem Enabled
[    0.278978] pnp: PnP ACPI init
[    0.280552] pnp: PnP ACPI: found 3 devices
[    0.291570] clocksource: acpi_pm: mask: 0xffffff max_cycles: 0xffffff, max_idle_ns: 2085701024 ns
[    0.292564] NET: Registered protocol family 2
[    0.292564] IP idents hash table entries: 16384 (order: 5, 131072 bytes)
[    0.298017] TCP established hash table entries: 8192 (order: 4, 65536 bytes)
[    0.299740] TCP bind hash table entries: 8192 (order: 5, 131072 bytes)
[    0.301273] TCP: Hash tables configured (established 8192 bind 8192)
[    0.301935] UDP hash table entries: 512 (order: 2, 16384 bytes)
[    0.301935] UDP-Lite hash table entries: 512 (order: 2, 16384 bytes)
[    0.301935] NET: Registered protocol family 1
[    0.301935] pci 0000:00:00.0: Limiting direct PCI/PCI transfers
[    0.301935] pci 0000:00:01.0: Activating ISA DMA hang workarounds
[    0.301935] pci 0000:00:02.0: Video device with shadowed ROM at [mem 0x000c0000-0x000dffff]
[    0.309925] Unpacking initramfs...
[    0.589179] Freeing initrd memory: 19528K
[    0.590224] clocksource: tsc: mask: 0xffffffffffffffff max_cycles: 0x29b506bc3f7, max_idle_ns: 440795308319 ns
[    0.592557] platform rtc_cmos: registered platform RTC device (no PNP device found)
[    0.594296] Scanning for low memory corruption every 60 seconds
[    0.596541] Initialise system trusted keyrings
[    0.597544] Key type blacklist registered
[    0.598531] workingset: timestamp_bits=36 max_order=18 bucket_order=0
[    0.600799] zbud: loaded
[    0.601863] squashfs: version 4.0 (2009/01/31) Phillip Lougher
[    0.603343] fuse init (API version 7.26)
[    0.606521] Key type asymmetric registered
[    0.607466] Asymmetric key parser 'x509' registered
[    0.608609] Block layer SCSI generic (bsg) driver version 0.4 loaded (major 246)
[    0.610313] io scheduler noop registered
[    0.611186] io scheduler deadline registered
[    0.612178] io scheduler cfq registered (default)
[    0.613581] ACPI: AC Adapter [AC] (on-line)
[    0.614577] input: Power Button as /devices/LNXSYSTM:00/LNXPWRBN:00/input/input0
[    0.616264] ACPI: Power Button [PWRF]
[    0.617142] input: Sleep Button as /devices/LNXSYSTM:00/LNXSLPBN:00/input/input1
[    0.618793] ACPI: Sleep Button [SLPF]
[    0.621994] ACPI: Battery Slot [BAT0] (battery present)
[    0.625106] Serial: 8250/16550 driver, 32 ports, IRQ sharing enabled
[    0.648454] 00:02: ttyS0 at I/O 0x3f8 (irq = 4, base_baud = 115200) is a 16550A
[    0.653374] Linux agpgart interface v0.103
[    0.656753] loop: module loaded
[    0.658107] scsi host0: ata_piix
[    0.659044] scsi host1: ata_piix
[    0.659844] ata1: PATA max UDMA/33 cmd 0x1f0 ctl 0x3f6 bmdma 0xd000 irq 14
[    0.661390] ata2: PATA max UDMA/33 cmd 0x170 ctl 0x376 bmdma 0xd008 irq 15
[    0.662941] tun: Universal TUN/TAP device driver, 1.6
[    0.664306] PPP generic driver version 2.4.2
[    0.665409] ehci_hcd: USB 2.0 'Enhanced' Host Controller (EHCI) Driver
[    0.666830] ehci-pci: EHCI PCI platform driver
[    0.667836] ehci-platform: EHCI generic platform driver
[    0.669028] ohci_hcd: USB 1.1 'Open' Host Controller (OHCI) Driver
[    0.670379] ohci-pci: OHCI PCI platform driver
[    0.671378] ohci-platform: OHCI generic platform driver
[    0.672567] uhci_hcd: USB Universal Host Controller Interface driver
[    0.674015] i8042: PNP: PS/2 Controller [PNP0303:PS2K,PNP0f03:PS2M] at 0x60,0x64 irq 1,12
[    0.676198] serio: i8042 KBD port at 0x60,0x64 irq 1
[    0.677436] serio: i8042 AUX port at 0x60,0x64 irq 12
[    0.678790] mousedev: PS/2 mouse device common for all mice
[    0.680517] input: AT Translated Set 2 keyboard as /devices/platform/i8042/serio0/input/input2
[    0.682539] rtc_cmos rtc_cmos: rtc core: registered rtc_cmos as rtc0
[    0.683774] rtc_cmos rtc_cmos: alarms up to one day, 114 bytes nvram
[    0.685012] i2c /dev entries driver
[    0.685780] device-mapper: uevent: version 1.0.3
[    0.686736] device-mapper: ioctl: 4.37.0-ioctl (2017-09-20) initialised: dm-devel@redhat.com
[    0.688524] ledtrig-cpu: registered to indicate activity on CPUs
[    0.690360] NET: Registered protocol family 10
[    0.698653] Segment Routing with IPv6
[    0.699677] NET: Registered protocol family 17
[    0.700827] Key type dns_resolver registered
[    0.702238] mce: Using 0 MCE banks
[    0.703072] RAS: Correctable Errors collector initialized.
[    0.704414] sched_clock: Marking stable (704370919, 0)->(922674754, -218303835)
[    0.706663] registered taskstats version 1
[    0.707664] Loading compiled-in X.509 certificates
[    0.712657] Loaded X.509 cert 'Build time autogenerated kernel key: b5b26778eaa3ab3a4a6cee031137706e947d12ad'
[    0.715612] Loaded X.509 cert 'Canonical Ltd. Live Patch Signing: 14df34d1a87cf37625abec039ef2bf521249b969'
[    0.718595] Loaded X.509 cert 'Canonical Ltd. Kernel Module Signing: 88f752e560a1e0737e31163a466ad7b70a850c19'
[    0.720897] blacklist: Loading compiled-in revocation X.509 certificates
[    0.722479] Loaded X.509 cert 'Canonical Ltd. Secure Boot Signing: 61482aa2830d0ab2ad5af10b7250da9033ddcef0'
[    0.724974] Loaded X.509 cert 'Canonical Ltd. Secure Boot Signing (2017): 242ade75ac4a15e50d50c84b0d45ff3eae707a03'
[    0.727383] Loaded X.509 cert 'Canonical Ltd. Secure Boot Signing (ESM 2018): 365188c1d374d6b07c3c8f240f8ef722433d6a8b'
[    0.729868] Loaded X.509 cert 'Canonical Ltd. Secure Boot Signing (2019): c0746fd6c5da3ae827864651ad66ae47fe24b3e8'
[    0.732244] Loaded X.509 cert 'Canonical Ltd. Secure Boot Signing (2021 v1): a8d54bbb3825cfb94fa13c9f8a594a195c107b8d'
[    0.734683] Loaded X.509 cert 'Canonical Ltd. Secure Boot Signing (2021 v2): 4cf046892d6fd3c9a5b03f98d845f90851dc6a8c'
[    0.736948] Loaded X.509 cert 'Canonical Ltd. Secure Boot Signing (2021 v3): 100437bb6de6e469b581e61cd66bce3ef4ed53af'
[    0.738943] Loaded X.509 cert 'Canonical Ltd. Secure Boot Signing (Ubuntu Core 2019): c1d57b8f6b743f23ee41f4f7ee292f06eecadfb9'
[    0.741224] zswap: loaded using pool lzo/zbud
[    0.751732] Key type big_key registered
[    0.752584] Key type trusted registered
[    0.757578] Key type encrypted registered
[    0.758501] AppArmor: AppArmor sha1 policy hashing enabled
[    0.759712] ima: No TPM chip found, activating TPM-bypass! (rc=-19)
[    0.761130] ima: Allocated hash algorithm: sha1
[    0.762155] evm: HMAC attrs: 0x1
[    0.763156]   Magic number: 10:155:218
[    0.764158] rtc_cmos rtc_cmos: setting system clock to 2026-01-17 07:15:00 UTC (1768634100)
[    0.766286] BIOS EDD facility v0.16 2004-Jun-25, 0 devices found
[    0.767594] EDD information not available.
[    0.851105] Freeing unused kernel image memory: 2480K
[    0.864461] Write protecting the kernel read-only data: 20480k
[    0.869198] Freeing unused kernel image memory: 2008K
[    0.873028] Freeing unused kernel image memory: 1820K
[    0.894453] x86/mm: Checked W+X mappings: passed, no W+X pages found.
[    0.898804] x86/mm: Checking user space page tables
[    0.918115] x86/mm: Checked W+X mappings: passed, no W+X pages found.
Loading, please wait...
starting version 237
[    1.031703] e1000: Intel(R) PRO/1000 Network Driver - version 7.3.21-k8-NAPI
[    1.041634] e1000: Copyright (c) 1999-2006 Intel Corporation.
[    1.051158] Fusion MPT base driver 3.04.20
[    1.052864] Copyright (c) 1999-2008 LSI Corporation
[    1.069537] Fusion MPT SPI Host driver 3.04.20
[    1.082440] AVX version of gcm_enc/dec engaged.
[    1.083886] AES CTR mode by8 optimization enabled
[    1.267057] input: ImExPS/2 Generic Explorer Mouse as /devices/platform/i8042/serio1/input/input4
[    1.445783] e1000 0000:00:03.0 eth0: (PCI:33MHz:32-bit) 02:3b:7b:b7:3b:2d
[    1.447674] e1000 0000:00:03.0 eth0: Intel(R) PRO/1000 Network Connection
[    1.450622] mptbase: ioc0: Initiating bringup
[    1.557668] ioc0: LSI53C1030 A0: Capabilities={Initiator}
[    3.448164] scsi host2: ioc0: LSI53C1030 A0, FwRev=00000000h, Ports=1, MaxQ=256, IRQ=20
[    5.129053] scsi 2:0:0:0: Direct-Access     VBOX     HARDDISK         1.0  PQ: 0 ANSI: 5
[    5.187798] scsi target2:0:0: Beginning Domain Validation
[    5.195759] scsi target2:0:0: Domain Validation skipping write tests
[    5.200134] scsi target2:0:0: Ending Domain Validation
[    5.204022] scsi target2:0:0: asynchronous
[    5.208156] scsi 2:0:1:0: Direct-Access     VBOX     HARDDISK         1.0  PQ: 0 ANSI: 5
[    5.513373] scsi target2:0:1: Beginning Domain Validation
[    5.516177] scsi target2:0:1: Domain Validation skipping write tests
[    5.517695] scsi target2:0:1: Ending Domain Validation
[    5.518989] scsi target2:0:1: asynchronous
[    5.524269] sd 2:0:0:0: Attached scsi generic sg0 type 0
[    5.524286] sd 2:0:0:0: [sda] 83886080 512-byte logical blocks: (42.9 GB/40.0 GiB)
[    5.527784] sd 2:0:1:0: Attached scsi generic sg1 type 0
[    5.537844] sd 2:0:0:0: [sda] Write Protect is off
[    5.540091] sd 2:0:1:0: [sdb] 20480 512-byte logical blocks: (10.5 MB/10.0 MiB)
[    5.544509] sd 2:0:1:0: [sdb] Write Protect is off
[    5.547149] e1000 0000:00:08.0 eth1: (PCI:33MHz:32-bit) 08:00:27:c0:f2:4d
[    5.549320] e1000 0000:00:08.0 eth1: Intel(R) PRO/1000 Network Connection
[    5.551343] sd 2:0:0:0: [sda] Incomplete mode parameter data
[    5.553886] sd 2:0:0:0: [sda] Assuming drive cache: write through
[    5.555949] sd 2:0:1:0: [sdb] Incomplete mode parameter data
[    5.558973] sd 2:0:1:0: [sdb] Assuming drive cache: write through
[    5.562564]  sda: sda1
[    5.564281] sd 2:0:0:0: [sda] Attached SCSI disk
[    5.567908] sd 2:0:1:0: [sdb] Attached SCSI disk
[    5.570594] e1000 0000:00:03.0 enp0s3: renamed from eth0
[    5.586112] e1000 0000:00:08.0 enp0s8: renamed from eth1
Begin: Loading essential drivers ... [    7.220031] raid6: sse2x1   gen() 12013 MB/s
[    7.278212] raid6: sse2x1   xor()  8328 MB/s
[    7.331899] raid6: sse2x2   gen() 14233 MB/s
[    7.380533] raid6: sse2x2   xor()  8054 MB/s
[    7.435814] raid6: sse2x4   gen() 16895 MB/s
[    7.492239] raid6: sse2x4   xor() 11383 MB/s
[    7.493317] raid6: using algorithm sse2x4 gen() 16895 MB/s
[    7.494561] raid6: .... xor() 11383 MB/s, rmw enabled
[    7.495720] raid6: using ssse3x2 recovery algorithm
[    7.499572] xor: automatically using best checksumming function   avx       
[    7.504925] async_tx: api initialized (async)
done.
Begin: Running /scripts/init-premount ... done.
Begin: Mounting root file system ... Begin: Running /scripts/local-top ... done.
Begin: Running /scripts/local-premount ... [    7.588718] Btrfs loaded, crc32c=crc32c-intel
Scanning for Btrfs filesystems
done.
Warning: fsck not present, so skipping root file system
[    7.637060] EXT4-fs (sda1): mounted filesystem with ordered data mode. Opts: (null)
done.
Begin: Running /scripts/local-bottom ... done.
Begin: Running /scripts/init-bottom ... done.
[    7.911003] ip_tables: (C) 2000-2006 Netfilter Core Team
[    7.928147] systemd[1]: systemd 237 running in system mode. (+PAM +AUDIT +SELINUX +IMA +APPARMOR +SMACK +SYSVINIT +UTMP +LIBCRYPTSETUP +GCRYPT +GNUTLS +ACL +XZ +LZ4 +SECCOMP +BLKID +ELFUTILS +KMOD -IDN2 +IDN -PCRE2 default-hierarchy=hybrid)
[    7.933496] systemd[1]: Detected virtualization oracle.
[    7.934608] systemd[1]: Detected architecture x86-64.

Welcome to [1mUbuntu 18.04.6 LTS[0m!

[    7.942311] systemd[1]: Set hostname to <ubuntu>.
[    7.948263] systemd[1]: Initializing machine ID from random generator.
[    7.950078] systemd[1]: Installed transient /etc/machine-id file.
[    8.411062] systemd[1]: Reached target System Time Synchronized.
[[0;32m  OK  [0m] Reached target System Time Synchronized.
[    8.416324] systemd[1]: Reached target Swap.
[[0;32m  OK  [0m] Reached target Swap.
[    8.420303] systemd[1]: Reached target Mounting snaps.
[[0;32m  OK  [0m] Reached target Mounting snaps.
[    8.426836] systemd[1]: Created slice System Slice.
[[0;32m  OK  [0m] Created slice System Slice.
[[0;32m  OK  [0m] Listening on LVM2 metadata daemon socket.
[[0;32m  OK  [0m] Listening on fsck to fsckd communication Socket.
[[0;32m  OK  [0m] Created slice system-serial\x2dgetty.slice.
[[0;32m  OK  [0m] Listening on Syslog Socket.
[[0;32m  OK  [0m] Listening on LVM2 poll daemon socket.
[[0;32m  OK  [0m] Listening on udev Control Socket.
[[0;32m  OK  [0m] Listening on Journal Socket.
         Mounting POSIX Message Queue File System...
         Starting Create list of required st…ce nodes for the current kernel...
[[0;32m  OK  [0m] Listening on Journal Audit Socket.
[[0;32m  OK  [0m] Listening on Device-mapper event daemon FIFOs.
         Starting Set the console keyboard layout...
[[0;32m  OK  [0m] Listening on udev Kernel Socket.
[[0;32m  OK  [0m] Reached target Mounted snaps.
[[0;32m  OK  [0m] Created slice User and Session Slice.
[[0;32m  OK  [0m] Reached target Slices.
         Starting Monitoring of LVM2 mirrors…ng dmeventd or progress polling...
[[0;32m  OK  [0m] Listening on /dev/initctl Compatibility Named Pipe.
         Starting udev Coldplug all Devices...
[[0;32m  OK  [0m] Started Forward Password Requests to Wall Directory Watch.
[[0;32m  OK  [0m] Reached target User and Group Name Lookups.
[[0;32m  OK  [0m] Listening on Network Service Netlink Socket.
         Mounting Huge Pages File System...
         Starting Uncomplicated firewall...
         Mounting Kernel Debug File System...
[[0;32m  OK  [0m] Listening on Journal Socket (/dev/log).
         Starting File System Check on Root Device...
         Starting Journal Service...
         Starting Load Kernel Modules...
[[0;32m  OK  [0m] Set up automount Arbitrary Executab…rmats File System Automount Point.
[[0;32m  OK  [0m] Mounted POSIX Message Queue File System.
[[0;32m  OK  [0m] Started Create list of required sta…vice nodes for the current kernel.
[[0;32m  OK  [0m] Mounted Huge Pages File System.
[[0;32m  OK  [0m] Started Uncomplicated firewall.
[[0;32m  OK  [0m] Mounted Kernel Debug File System.
[[0;32m  OK  [0m] Started File System Check Daemon to report status.
         Starting Create Static Device Nodes in /dev...
[[0;32m  OK  [0m] Started udev Coldplug all Devices.
[    8.608573] Loading iSCSI transport class v2.0-870.
[[0;32m  OK  [0m] Started Journal Service.
[    8.615922] iscsi: registered transport (tcp)
[[0;32m  OK  [0m] Started Create Static Device Nodes in /dev.
[[0;32m  OK  [0m] Started File System Check on Root Device.
[[0;32m  OK  [0m] Started LVM2 metadata daemon.
         Starting Remount Root and Kernel File Systems...
[    8.697505] iscsi: registered transport (iser)
[[0;32m  OK  [0m] Started Load Kernel Modules.
         Starting Apply Kernel Variables...
         Mounting FUSE Control File System...
         Mounting Kernel Configuration File System...
[[0;32m  OK  [0m] Mounted FUSE Control File System.
[[0;32m  OK  [0m] Mounted Kernel Configuration File System.
[[0;32m  OK  [0m] Started Remount Root and Kernel File Systems.
         Starting Flush Journal to Persistent Storage...
         Starting udev Kernel Device Manager...
         Starting Load/Save Random Seed...
[[0;32m  OK  [0m] Started Apply Kernel Variables.
[[0;32m  OK  [0m] Started Monitoring of LVM2 mirrors,…sing dmeventd or progress polling.
[[0;32m  OK  [0m] Started Load/Save Random Seed.
[[0;32m  OK  [0m] Started udev Kernel Device Manager.
[[0;32m  OK  [0m] Started Flush Journal to Persistent Storage.
[[0;32m  OK  [0m] Found device /dev/ttyS0.
[[0;32m  OK  [0m] Listening on Load/Save RF Kill Switch Status /dev/rfkill Watch.
         Mounting Arbitrary Executable File Formats File System...
[[0;32m  OK  [0m] Mounted Arbitrary Executable File Formats File System.
[[0;32m  OK  [0m] Started Set the console keyboard layout.
[[0;32m  OK  [0m] Reached target Local File Systems (Pre).
[[0;32m  OK  [0m] Reached target Local File Systems.
         Starting Set console font and keymap...
         Starting ebtables ruleset management...
         Starting AppArmor initialization...
         Starting Tell Plymouth To Write Out Runtime Data...
         Starting Commit a transient machine-id on disk...
         Starting Create Volatile Files and Directories...
[[0;32m  OK  [0m] Started Dispatch Password Requests to Console Directory Watch.
[[0;32m  OK  [0m] Reached target Local Encrypted Volumes.
[[0;32m  OK  [0m] Started Tell Plymouth To Write Out Runtime Data.
[[0;32m  OK  [0m] Started Create Volatile Files and Directories.
         Starting Update UTMP about System Boot/Shutdown...
[[0;32m  OK  [0m] Started Update UTMP about System Boot/Shutdown.
[[0;32m  OK  [0m] Started Commit a transient machine-id on disk.
[[0;32m  OK  [0m] Started ebtables ruleset management.
[[0;32m  OK  [0m] Started AppArmor initialization.
         Starting Load AppArmor profiles managed internally by snapd...
         Starting Initial cloud-init job (pre-networking)...
[[0;32m  OK  [0m] Started Load AppArmor profiles managed internally by snapd.
[[0;32m  OK  [0m] Started Set console font and keymap.
[   13.074985] cloud-init[809]: Cloud-init v. 23.1.2-0ubuntu0~18.04.1 running 'init-local' at Sat, 17 Jan 2026 07:15:12 +0000. Up 12.54 seconds.
[[0;32m  OK  [0m] Started Initial cloud-init job (pre-networking).
[[0;32m  OK  [0m] Reached target Network (Pre).
         Starting Network Service...
[[0;32m  OK  [0m] Started Network Service.
         Starting Network Name Resolution...
         Starting Wait for Network to be Configured...
[[0;32m  OK  [0m] Started Network Name Resolution.
[[0;32m  OK  [0m] Reached target Network.
[[0;32m  OK  [0m] Reached target Host and Network Name Lookups.
[[0;32m  OK  [0m] Started Wait for Network to be Configured.
         Starting Initial cloud-init job (metadata service crawler)...
[   15.961123] cloud-init[962]: Cloud-init v. 23.1.2-0ubuntu0~18.04.1 running 'init' at Sat, 17 Jan 2026 07:15:15 +0000. Up 15.49 seconds.
[   15.964413] cloud-init[962]: ci-info: ++++++++++++++++++++++++++++++++++++++Net device info+++++++++++++++++++++++++++++++++++++++
[   15.965743] cloud-init[962]: ci-info: +--------+-------+----------------------------+---------------+--------+-------------------+
[   15.976578] cloud-init[962]: ci-info: | Device |   Up  |          Address           |      Mask     | Scope  |     Hw-Address    |
[   15.988588] cloud-init[962]: ci-info: +--------+-------+----------------------------+---------------+--------+-------------------+
[   15.990002] cloud-init[962]: ci-info: | enp0s3 |  True |         10.0.2.15          | 255.255.255.0 | global | 02:3b:7b:b7:3b:2d |
[   15.991867] cloud-init[962]: ci-info: | enp0s3 |  True | fe80::3b:7bff:feb7:3b2d/64 |       .       |  link  | 02:3b:7b:b7:3b:2d |
[   16.004595] cloud-init[962]: ci-info: | enp0s8 | False |             .              |       .       |   .    | 08:00:27:c0:f2:4d |
[   16.020613] cloud-init[962]: ci-info: |   lo   |  True |         127.0.0.1          |   255.0.0.0   |  host  |         .         |
[   16.022417] cloud-init[962]: ci-info: |   lo   |  True |          ::1/128           |       .       |  host  |         .         |
[   16.036586] cloud-init[962]: ci-info: +--------+-------+----------------------------+---------------+--------+-------------------+
[   16.043708] cloud-init[962]: ci-info: ++++++++++++++++++++++++++++Route IPv4 info+++++++++++++++++++++++++++++
[   16.048702] cloud-init[962]: ci-info: +-------+-------------+----------+-----------------+-----------+-------+
[   16.060580] cloud-init[962]: ci-info: | Route | Destination | Gateway  |     Genmask     | Interface | Flags |
[   16.061879] cloud-init[962]: ci-info: +-------+-------------+----------+-----------------+-----------+-------+
[   16.063422] cloud-init[962]: ci-info: |   0   |   0.0.0.0   | 10.0.2.2 |     0.0.0.0     |   enp0s3  |   UG  |
[   16.065218] cloud-init[962]: ci-info: |   1   |   10.0.2.0  | 0.0.0.0  |  255.255.255.0  |   enp0s3  |   U   |
[   16.066937] cloud-init[962]: ci-info: |   2   |   10.0.2.2  | 0.0.0.0  | 255.255.255.255 |   enp0s3  |   UH  |
[   16.080667] cloud-init[962]: ci-info: +-------+-------------+----------+-----------------+-----------+-------+
[   16.082591] cloud-init[962]: ci-info: +++++++++++++++++++Route IPv6 info+++++++++++++++++++
[   16.083976] cloud-init[962]: ci-info: +-------+-------------+---------+-----------+-------+
[   16.085280] cloud-init[962]: ci-info: | Route | Destination | Gateway | Interface | Flags |
[   16.086510] cloud-init[962]: ci-info: +-------+-------------+---------+-----------+-------+
[   16.087757] cloud-init[962]: ci-info: |   1   |  fe80::/64  |    ::   |   enp0s3  |   U   |
[   16.088992] cloud-init[962]: ci-info: |   3   |    local    |    ::   |   enp0s3  |   U   |
[   16.090256] cloud-init[962]: ci-info: |   4   |   ff00::/8  |    ::   |   enp0s3  |   U   |
[   16.091457] cloud-init[962]: ci-info: +-------+-------------+---------+-----------+-------+
[   18.220797] cloud-init[962]: Generating public/private rsa key pair.
[   18.222438] cloud-init[962]: Your identification has been saved in /etc/ssh/ssh_host_rsa_key.
[   18.224113] cloud-init[962]: Your public key has been saved in /etc/ssh/ssh_host_rsa_key.pub.
[   18.225393] cloud-init[962]: The key fingerprint is:
[   18.240657] cloud-init[962]: SHA256:VxpBnYn8qt4efA+zmCpazMhaDVcpICLIFVRILTTl3BI root@ubuntu-bionic
[   18.252586] cloud-init[962]: The key's randomart image is:
[   18.264925] cloud-init[962]: +---[RSA 2048]----+
[   18.276623] cloud-init[962]: |= *BBE   ooo o   |
[   18.288877] cloud-init[962]: |oo ++oo  .o.+    |
[   18.300276] cloud-init[962]: |    .+..o ...    |
[   18.312622] cloud-init[962]: |      .o   +.    |
[   18.313541] cloud-init[962]: |    . . S o.     |
[[0;32m  OK  [0m] Started Initial cloud-init job (metadata service crawler).
[   18.329651] cloud-init[[962]: [0;32m  OK  [0m|   . B   o.      |] 
Reached target Network is Online.
         Starting Availability of block devices...
[[0;32m  OK  [0m] Reached target Remote File Systems (Pre).
[[   18.356702] [0;32m  OK  [0mcloud-init] [962]: Reached target Remote File Systems.|    + =  .o +    |

[[0;32m  OK  [0m] Reached target System Initialization.
[   18.373190] [[0;32m  OK  [0m] Listening on ACPID Listen Socket.
cloud-init[962]: |   o .. .. = =   |
         Starting Socket activation for snappy daemon.
[   18.375689] cloud-init[962]: |  . .. ooo= . .  |
[[0;32m  OK  [0m] Started ACPI Events Check.
[[0;32m  OK  [0m] Reached target Paths.
[[0;32m  OK  [0m] Listening on D-Bus System Message Bus Socket.
[[0;32m  OK  [0m] Listening on Open-iSCSI iscsid Socket.
[[0;32m  OK  [0m] Listening on UUID daemon activation socket.
[[0;32m  OK  [0m] Started Ubuntu Advantage Timer for running repeated jobs.
[[0;32m  OK  [0m] Listening on cloud-init hotplug hook socket.
[[0;32m  OK  [0m] Started Message of the Day.
[[0;32m  OK  [0m] Started Discard unused blocks once a week.
[   18.397336] cloud-init[962]: +----[SHA256]-----+
[   18.403000] cloud-init[962]: Generating public/private dsa key pair.         Starting LXD - unix socket.
[[0;32m  OK  [0m] Started Daily Cleanup of Temporary Directories.
[[0;32m  OK  [0m] Started Daily apt download activities.
[[0;32m  OK  [0m] Started Daily apt upgrade and clean activities.
[[0;32m  OK  [0m] Reached target Timers.
[[0;32m  OK  [0m] Reached target Cloud-config availability.

[   18.410682] cloud-init[962]: Your identification has been saved in /etc/ssh/ssh_host_dsa_key.
[[0;32m  OK  [0m] Started Availability of block devices.
[[0;32m  OK  [0m] Listening on Socket activation for snappy daemon.
[[0;32m  OK  [0m] Listening on LXD - unix socket.
[   18.415856] [[0;32m  OK  [0m] Reached target Sockets.
[[0;32m  OK  [0m] Reached target Basic System.
cloud-init[962]: Your public key has been saved in /etc/ssh/ssh_host_dsa_key.pub.
         Starting Accounts Service...
[[0;32m  OK  [0m] Started Deferred execution scheduler.
[   18.429585] cloud-init[962]: The key fingerprint is:
[   18.431848] cloud-init[962]: SHA256:Nq9UIoETGboDXf8Do0BumuT/q6ubG8WqtubEhMprZS4 root@ubuntu-bionic         Starting LXD - container startup/shutdown...

[   18.434358] cloud-init[962]: The key's randomart image is:
[   18.437132] cloud-init[962]: +---[DSA 1024]----+
[   18.440693] cloud-init[962]: |  . +o           |
[   18.441468] cloud-init[962]: | + o.+           |
[   18.452649] cloud-init[962]: |..* o =          |
[   18.453464] cloud-init[962]: |+=.o o =         |
[   18.454306] cloud-init[962]: |+ooo. . S .      |
[   18.455150] cloud-init[962]: |= ++   o *       |
[   18.455970] cloud-init[962]: |.*+.    . .      |
[   18.456854] cloud-init[962]: |oE+..  . .       |
[   18.457812] cloud-init[962]: |*O*ooo. .        |
[   18.458636] cloud-init[962]: +----[SHA256]-----+
         Starting Dispatcher daemon for systemd-networkd...
[   18.469525] cloud-init[962]: Generating public/private ecdsa key pair.
[   18.471014] cloud-init[962]: Your identification has been saved in /etc/ssh/ssh_host_ecdsa_key.         Starting Login Service...

[[0;32m  OK  [0m] Reached target Login Prompts (Pre).
[   18.474041] cloud-init[962]: Your public key has been saved in /etc/ssh/ssh_host_ecdsa_key.pub.
         Starting LSB: Record successful boot for GRUB...
[   18.477728] cloud-init[962]: The key fingerprint is:
[   18.478753] cloud-init[962]: SHA256:f6cC2rctEUnWpFDE4RNROvgzX4+FzUR7qtxMCnZRX7A root@ubuntu-bionic
[   18.480492] cloud-init[962]: The key's randomart image is:
[   18.481670] cloud-init[962]: +---[ECDSA 256]---+
[   18.482798] cloud-init[962]: |        .+**o o.o|
[   18.492676] cloud-init[962]: |         +++.. +o|
[   18.493522] cloud-init[962]: |        .o*.. E.+|
[   18.494382] cloud-init[962]: |         .oo . *.|
[   18.495228] cloud-init[962]: |        S *.. = +|
[   18.496065] cloud-init[962]: |        .o.B B + |
[   18.496967] cloud-init[962]: |       o ...* = .|
[   18.497836] cloud-init[962]: |      . . +o o   |
[   18.499112] cloud-init[962]: |         ..+o    |
[   18.499928] cloud-init[962]: +----[SHA256]-----+
[   18.503662] cloud-init[962]: Generating public/private ed25519 key pair.
[[0;32m  OK  [0m] Started irqbalance daemon.
         Starting System Logging Service...
[   18.531575] cloud-init[962]: Your identification has been saved in /etc/ssh/ssh_host_ed25519_key.
[   18.538602] cloud-init[962]: Your public key has been saved in /etc/ssh/ssh_host_ed25519_key.pub.
[   18.540615] cloud-init[962]: The key fingerprint is:
         Starting Pollinate to seed the pseudo random number generator...
[[0;32m  OK  [0m] Started FUSE filesystem for LXC.
[   18.557107] cloud-init[962]: SHA256:5KBqABHwlFMh37+7tBvy3ABA+W07jqsMktRFjVtrQpc root@ubuntu-bionic
[   18.567734] cloud-init[962]: The key's randomart image is:
[   18.568620] cloud-init[962]: +--[ED25519 256]--+
[   18.569497] cloud-init[962]: |=.oo++o .        |
[   18.580960] cloud-init[962]: | +o+o+ E         |
[   18.592541] cloud-init[962]: |. ..+o*.o        |
[   18.608555] cloud-init[962]: |. . .=.Bo        |
[[0;32m  OK  [0m] Started Regular background program processing daemon.
[   18.615387] cloud-init[962]: |.. .. +.S.       |
[   18.629758] cloud-init[962]: |.o .   .o.       |
[   18.630510]          Starting Virtualbox guest utils...
cloud-init[962]: |o +   .o=.       |
[[0;32m  OK  [0m] Started D-Bus System Message Bus.
[   18.635069] cloud-init[962]: | o o  .=.*       |
[   18.637906] cloud-init[962]: |    o...Bo.      |
[   18.642522] cloud-init[962]: +----[SHA256]-----+
[[0;32m  OK  [0m] Started Login Service.
[[0;32m  OK  [0m] Started Unattended Upgrades Shutdown.
         Starting LSB: automatic crash report generation...
         Starting Permit User Sessions...
         Starting Snap Daemon...
[[0;32m  OK  [0m] Started System Logging Service.
[[0;32m  OK  [0m] Started Permit User Sessions.
         Starting Authorization Manager...
         Starting Hold until boot process finishes up...
         Starting Terminate Plymouth Boot Screen...
[[0;32m  OK  [0m] Started Hold until boot process finishes up.
[[0;32m  OK  [0m] Started Terminate Plymouth Boot Screen.
         Starting Set console scheme...
[[0;32m  OK  [0m] Started Serial Getty on ttyS0.
[[0;32m  OK  [0m] Started LSB: automatic crash report generation.
[[0;32m  OK  [0m] Started Set console scheme.
[[0;32m  OK  [0m] Started LXD - container startup/shutdown.
[[0;32m  OK  [0m] Started LSB: Record successful boot for GRUB.
[[0;32m  OK  [0m] Created slice system-getty.slice.
[[0;32m  OK  [0m] Started Getty on tty1.
[[0;32m  OK  [0m] Reached target Login Prompts.
[[0;32m  OK  [0m] Started Authorization Manager.
[[0;32m  OK  [0m] Started Accounts Service.
[[0;32m  OK  [0m] Started Virtualbox guest utils.
[[0;32m  OK  [0m] Started Dispatcher daemon for systemd-networkd.
[[0;32m  OK  [0m] Started Snap Daemon.
         Starting Wait until snapd is fully seeded...
[[0;32m  OK  [0m] Started Pollinate to seed the pseudo random number generator.
         Starting OpenBSD Secure Shell server...
[[0;32m  OK  [0m] Started OpenBSD Secure Shell server.
         Starting Time & Date Service...
[[0;32m  OK  [0m] Started Time & Date Service.
[[0;32m  OK  [0m] Created slice User Slice of vagrant.
         Starting User Manager for UID 1000...
[[0;32m  OK  [0m] Started Session 1 of user vagrant.
[[0;32m  OK  [0m] Started User Manager for UID 1000.

Ubuntu 18.04.6 LTS ubuntu-bionic ttyS0

ubuntu-bionic login: [   25.982924] cloud-init[1714]: Cloud-init v. 23.1.2-0ubuntu0~18.04.1 running 'modules:config' at Sat, 17 Jan 2026 07:15:25 +0000. Up 25.34 seconds.
ci-info: no authorized SSH keys fingerprints found for user ubuntu.
<14>Jan 17 07:15:26 cloud-init: #############################################################
<14>Jan 17 07:15:26 cloud-init: -----BEGIN SSH HOST KEY FINGERPRINTS-----
<14>Jan 17 07:15:26 cloud-init: 1024 SHA256:Nq9UIoETGboDXf8Do0BumuT/q6ubG8WqtubEhMprZS4 root@ubuntu-bionic (DSA)
<14>Jan 17 07:15:26 cloud-init: 256 SHA256:f6cC2rctEUnWpFDE4RNROvgzX4+FzUR7qtxMCnZRX7A root@ubuntu-bionic (ECDSA)
<14>Jan 17 07:15:26 cloud-init: 256 SHA256:5KBqABHwlFMh37+7tBvy3ABA+W07jqsMktRFjVtrQpc root@ubuntu-bionic (ED25519)
<14>Jan 17 07:15:26 cloud-init: 2048 SHA256:VxpBnYn8qt4efA+zmCpazMhaDVcpICLIFVRILTTl3BI root@ubuntu-bionic (RSA)
<14>Jan 17 07:15:26 cloud-init: -----END SSH HOST KEY FINGERPRINTS-----
<14>Jan 17 07:15:26 cloud-init: #############################################################
-----BEGIN SSH HOST KEY KEYS-----
ecdsa-sha2-nistp256 AAAAE2VjZHNhLXNoYTItbmlzdHAyNTYAAAAIbmlzdHAyNTYAAABBBBVFpxdsa4j531g2qN9eNuBdzzkTs9W0OC8WvlUFQPq2jWNVuDdwOSwiAw+anwbqBQUp26lFciUMOsZj+hPVmVI= root@ubuntu-bionic
ssh-ed25519 AAAAC3NzaC1lZDI1NTE5AAAAIE1Y7a+iYgPG4MifZHrm7v/0cl4rNAyXbAGUei4UWxA2 root@ubuntu-bionic
ssh-rsa AAAAB3NzaC1yc2EAAAADAQABAAABAQC8RfGd8FHcsHW+N3YVq1qR7L/aljOxG+mGwn5TaudTwiVxefveBccgOQynammeoLxiz+bYnuS8gRX0oRbdE7KK/VI0hKXJbYyG5LikX1hO3RFhRayxbJdLEhqZD9JJlHaEEyAO+m7X83qulkXESZyArpRXynCJGhoRymQEdw+pDAfxaTZ3/U5tPkWCMUVaCK8HvJfJA+Fc5PNn0LnhCzxEet1MzMXHckLWCA1zmh0ZVJ4U6H3FQbQnMiFdyg9g9pEf/wktYjpTxUIzBBBFQ5DRPYKbccjYduueZx2LVyrMn0cegf3HVAalCe8sH77BziTIdfYL2D6/CvoNWjrmaDK7 root@ubuntu-bionic
-----END SSH HOST KEY KEYS-----
[   27.093780] cloud-init[1861]: Cloud-init v. 23.1.2-0ubuntu0~18.04.1 running 'modules:final' at Sat, 17 Jan 2026 07:15:26 +0000. Up 26.63 seconds.
[   27.096129] cloud-init[1861]: Cloud-init v. 23.1.2-0ubuntu0~18.04.1 finished at Sat, 17 Jan 2026 07:15:26 +0000. Datasource DataSourceNoCloud [seed=/dev/sdb][dsmode=net].  Up 27.07 seconds
